[INFO ] 2025-08-30 17:20:09.766 [main] ReportManager - 
[0;7m------------------------------------------------------------------------------------------------------------------------------------------------
                                                    Powered by [1mSHAFT v.8.4.20241024[22m                                                    
                                   Visit SHAFT's user guide [4mhttps://shafthq.github.io/[24m to learn more                                   
------------------------------------------------------------------------------------------------------------------------------------------------
[0m
[INFO ] 2025-08-30 17:20:09.772 [] ReportManager - Checking for engine updates...
[INFO ] 2025-08-30 17:20:09.780 [] ReportManager - Initializing Summary Reporting Environment...
[INFO ] 2025-08-30 17:20:09.785 [main] ReportManager - Loaded Test Data: "src/test/resources/testDataFiles/simpleJSON.json".
[INFO ] 2025-08-30 17:20:09.792 [] ReportManager - Initializing Allure Reporting Environment...
[ERROR] 2025-08-30 17:20:09.802 [main] AllureLifecycle - Could not add attachment: no test is running
[INFO ] 2025-08-30 17:20:09.806 [main] ReportManager - Successfully created attachment 'Test Data - JSON'
[INFO ] 2025-08-30 17:20:09.839 [main] ReportManager - Setting "targetOperatingSystem" property with "windows".
[INFO ] 2025-08-30 17:20:10.027 [main] ReportManager - Setting "screenshotParams_scalingFactor" property with "1.5".
[INFO ] 2025-08-30 17:20:10.584 [main] ReportManager - Capabilities {acceptInsecureCerts: true, browserName: chrome, goog:chromeOptions: {args: [--disable-search-engine-cho..., --remote-allow-origins=*, --enable-automation, --disable-background-timer-..., --disable-backgrounding-occ..., --disable-features=Optimiza..., --disable-hang-monitor, --disable-domain-reliability, --disable-renderer-backgrou..., --metrics-recording-only, --no-first-run, --no-default-browser-check, --silent-debugger-extension..., --disable-extensions, --disable-component-extensi..., --disable-dev-shm-usage, --disable-ipc-flooding-prot..., --disable-background-networ..., --mute-audio, --disable-breakpad, --ignore-certificate-errors, --disable-device-discovery-..., --force-color-profile=srgb, --hide-scrollbars, --host-resolver-rules, --no-pings, --disable-sync, --disable-field-trial-config, --enable-features=NetworkSe..., --enable-features=NetworkSe..., --enable-use-zoom-for-dsf, --log-net-log, --net-log-capture-mode, --disable-client-side-phish..., --disable-default-apps, --remote-debugging-pipe, --no-sandbox, --start-maximized], extensions: [], prefs: {download.default_directory: C:\Users\mostafa.hossam\Dow..., download.prompt_for_download: false, profile.default_content_settings.popups: 0}}, pageLoadStrategy: normal, timeouts: {pageLoad: 60000, script: 60000}, unhandledPromptBehavior: ignore, webSocketUrl: true}
[INFO ] 2025-08-30 17:20:10.586 [main] ReportManager - Attempting to run locally on: "Windows | Chrome".
[INFO ] 2025-08-30 17:20:10.587 [main] ReportManager - Identifying OS/Driver combination. Please note that if a new browser/driver executable will be downloaded it may take some time depending on your connection...
[DEBUG] 2025-08-30 17:20:12.471 [] BasicClientConnectionManager - Get connection for route {s}->https://api.github.com:443
[DEBUG] 2025-08-30 17:20:12.504 [] DefaultClientConnectionOperator - Connecting to api.github.com:443
[DEBUG] 2025-08-30 17:20:13.183 [] RequestAddCookies - CookieSpec selected: ignoreCookies
[DEBUG] 2025-08-30 17:20:13.186 [] RequestAuthCache - Auth cache not set in the context
[DEBUG] 2025-08-30 17:20:13.186 [] RequestTargetAuthentication - Target auth state: UNCHALLENGED
[DEBUG] 2025-08-30 17:20:13.187 [] RequestProxyAuthentication - Proxy auth state: UNCHALLENGED
[DEBUG] 2025-08-30 17:20:13.187 [] DefaultClientConnection - Sending request: GET /repos/ShaftHQ/SHAFT_ENGINE/releases/latest HTTP/1.1
[DEBUG] 2025-08-30 17:20:13.188 [] wire -  >> "GET /repos/ShaftHQ/SHAFT_ENGINE/releases/latest HTTP/1.1[\r][\n]"
[DEBUG] 2025-08-30 17:20:13.189 [] wire -  >> "Accept: */*[\r][\n]"
[DEBUG] 2025-08-30 17:20:13.190 [] wire -  >> "Host: api.github.com[\r][\n]"
[DEBUG] 2025-08-30 17:20:13.190 [] wire -  >> "Connection: Keep-Alive[\r][\n]"
[DEBUG] 2025-08-30 17:20:13.190 [] wire -  >> "User-Agent: Apache-HttpClient/4.5.13 (Java/22.0.1)[\r][\n]"
[DEBUG] 2025-08-30 17:20:13.190 [] wire -  >> "Accept-Encoding: gzip,deflate[\r][\n]"
[DEBUG] 2025-08-30 17:20:13.190 [] wire -  >> "[\r][\n]"
[DEBUG] 2025-08-30 17:20:13.190 [] headers - >> GET /repos/ShaftHQ/SHAFT_ENGINE/releases/latest HTTP/1.1
[DEBUG] 2025-08-30 17:20:13.191 [] headers - >> Accept: */*
[DEBUG] 2025-08-30 17:20:13.191 [] headers - >> Host: api.github.com
[DEBUG] 2025-08-30 17:20:13.191 [] headers - >> Connection: Keep-Alive
[DEBUG] 2025-08-30 17:20:13.191 [] headers - >> User-Agent: Apache-HttpClient/4.5.13 (Java/22.0.1)
[DEBUG] 2025-08-30 17:20:13.191 [] headers - >> Accept-Encoding: gzip,deflate
[DEBUG] 2025-08-30 17:20:13.523 [] wire -  << "HTTP/1.1 200 OK[\r][\n]"
[DEBUG] 2025-08-30 17:20:13.527 [] wire -  << "Date: Sat, 30 Aug 2025 14:20:09 GMT[\r][\n]"
[DEBUG] 2025-08-30 17:20:13.528 [] wire -  << "Content-Type: application/json; charset=utf-8[\r][\n]"
[DEBUG] 2025-08-30 17:20:13.528 [] wire -  << "Cache-Control: public, max-age=60, s-maxage=60[\r][\n]"
[DEBUG] 2025-08-30 17:20:13.529 [] wire -  << "Vary: Accept,Accept-Encoding, Accept, X-Requested-With[\r][\n]"
[DEBUG] 2025-08-30 17:20:13.529 [] wire -  << "ETag: W/"77b58ee584e127b2cb25e85d0181607eecfc9bfb9bd47b7599e261fcc67f0392"[\r][\n]"
[DEBUG] 2025-08-30 17:20:13.529 [] wire -  << "Last-Modified: Sat, 23 Aug 2025 04:43:44 GMT[\r][\n]"
[DEBUG] 2025-08-30 17:20:13.529 [] wire -  << "X-GitHub-Media-Type: github.v3; format=json[\r][\n]"
[DEBUG] 2025-08-30 17:20:13.529 [] wire -  << "x-github-api-version-selected: 2022-11-28[\r][\n]"
[DEBUG] 2025-08-30 17:20:13.530 [] wire -  << "Access-Control-Expose-Headers: ETag, Link, Location, Retry-After, X-GitHub-OTP, X-RateLimit-Limit, X-RateLimit-Remaining, X-RateLimit-Used, X-RateLimit-Resource, X-RateLimit-Reset, X-OAuth-Scopes, X-Accepted-OAuth-Scopes, X-Poll-Interval, X-GitHub-Media-Type, X-GitHub-SSO, X-GitHub-Request-Id, Deprecation, Sunset[\r][\n]"
[DEBUG] 2025-08-30 17:20:13.530 [] wire -  << "Access-Control-Allow-Origin: *[\r][\n]"
[DEBUG] 2025-08-30 17:20:13.530 [] wire -  << "Strict-Transport-Security: max-age=31536000; includeSubdomains; preload[\r][\n]"
[DEBUG] 2025-08-30 17:20:13.530 [] wire -  << "X-Frame-Options: deny[\r][\n]"
[DEBUG] 2025-08-30 17:20:13.531 [] wire -  << "X-Content-Type-Options: nosniff[\r][\n]"
[DEBUG] 2025-08-30 17:20:13.531 [] wire -  << "X-XSS-Protection: 0[\r][\n]"
[DEBUG] 2025-08-30 17:20:13.531 [] wire -  << "Referrer-Policy: origin-when-cross-origin, strict-origin-when-cross-origin[\r][\n]"
[DEBUG] 2025-08-30 17:20:13.531 [] wire -  << "Content-Security-Policy: default-src 'none'[\r][\n]"
[DEBUG] 2025-08-30 17:20:13.531 [] wire -  << "Content-Encoding: gzip[\r][\n]"
[DEBUG] 2025-08-30 17:20:13.531 [] wire -  << "Server: github.com[\r][\n]"
[DEBUG] 2025-08-30 17:20:13.531 [] wire -  << "Accept-Ranges: bytes[\r][\n]"
[DEBUG] 2025-08-30 17:20:13.533 [] wire -  << "X-RateLimit-Limit: 60[\r][\n]"
[DEBUG] 2025-08-30 17:20:13.534 [] wire -  << "X-RateLimit-Remaining: 54[\r][\n]"
[DEBUG] 2025-08-30 17:20:13.534 [] wire -  << "X-RateLimit-Reset: 1756565081[\r][\n]"
[DEBUG] 2025-08-30 17:20:13.534 [] wire -  << "X-RateLimit-Resource: core[\r][\n]"
[DEBUG] 2025-08-30 17:20:13.534 [] wire -  << "X-RateLimit-Used: 6[\r][\n]"
[DEBUG] 2025-08-30 17:20:13.534 [] wire -  << "Content-Length: 778[\r][\n]"
[DEBUG] 2025-08-30 17:20:13.535 [] wire -  << "X-GitHub-Request-Id: A4E9:14D604:105BC7B:F296BA:68B30899[\r][\n]"
[DEBUG] 2025-08-30 17:20:13.535 [] wire -  << "[\r][\n]"
[DEBUG] 2025-08-30 17:20:13.536 [] DefaultClientConnection - Receiving response: HTTP/1.1 200 OK
[DEBUG] 2025-08-30 17:20:13.537 [] headers - << HTTP/1.1 200 OK
[DEBUG] 2025-08-30 17:20:13.537 [] headers - << Date: Sat, 30 Aug 2025 14:20:09 GMT
[DEBUG] 2025-08-30 17:20:13.537 [] headers - << Content-Type: application/json; charset=utf-8
[DEBUG] 2025-08-30 17:20:13.537 [] headers - << Cache-Control: public, max-age=60, s-maxage=60
[DEBUG] 2025-08-30 17:20:13.538 [] headers - << Vary: Accept,Accept-Encoding, Accept, X-Requested-With
[DEBUG] 2025-08-30 17:20:13.538 [] headers - << ETag: W/"77b58ee584e127b2cb25e85d0181607eecfc9bfb9bd47b7599e261fcc67f0392"
[DEBUG] 2025-08-30 17:20:13.538 [] headers - << Last-Modified: Sat, 23 Aug 2025 04:43:44 GMT
[DEBUG] 2025-08-30 17:20:13.538 [] headers - << X-GitHub-Media-Type: github.v3; format=json
[DEBUG] 2025-08-30 17:20:13.538 [] headers - << x-github-api-version-selected: 2022-11-28
[DEBUG] 2025-08-30 17:20:13.538 [] headers - << Access-Control-Expose-Headers: ETag, Link, Location, Retry-After, X-GitHub-OTP, X-RateLimit-Limit, X-RateLimit-Remaining, X-RateLimit-Used, X-RateLimit-Resource, X-RateLimit-Reset, X-OAuth-Scopes, X-Accepted-OAuth-Scopes, X-Poll-Interval, X-GitHub-Media-Type, X-GitHub-SSO, X-GitHub-Request-Id, Deprecation, Sunset
[DEBUG] 2025-08-30 17:20:13.538 [] headers - << Access-Control-Allow-Origin: *
[DEBUG] 2025-08-30 17:20:13.538 [] headers - << Strict-Transport-Security: max-age=31536000; includeSubdomains; preload
[DEBUG] 2025-08-30 17:20:13.539 [] headers - << X-Frame-Options: deny
[DEBUG] 2025-08-30 17:20:13.539 [] headers - << X-Content-Type-Options: nosniff
[DEBUG] 2025-08-30 17:20:13.539 [] headers - << X-XSS-Protection: 0
[DEBUG] 2025-08-30 17:20:13.539 [] headers - << Referrer-Policy: origin-when-cross-origin, strict-origin-when-cross-origin
[DEBUG] 2025-08-30 17:20:13.539 [] headers - << Content-Security-Policy: default-src 'none'
[DEBUG] 2025-08-30 17:20:13.539 [] headers - << Content-Encoding: gzip
[DEBUG] 2025-08-30 17:20:13.539 [] headers - << Server: github.com
[DEBUG] 2025-08-30 17:20:13.540 [] headers - << Accept-Ranges: bytes
[DEBUG] 2025-08-30 17:20:13.540 [] headers - << X-RateLimit-Limit: 60
[DEBUG] 2025-08-30 17:20:13.540 [] headers - << X-RateLimit-Remaining: 54
[DEBUG] 2025-08-30 17:20:13.540 [] headers - << X-RateLimit-Reset: 1756565081
[DEBUG] 2025-08-30 17:20:13.541 [] headers - << X-RateLimit-Resource: core
[DEBUG] 2025-08-30 17:20:13.541 [] headers - << X-RateLimit-Used: 6
[DEBUG] 2025-08-30 17:20:13.542 [] headers - << Content-Length: 778
[DEBUG] 2025-08-30 17:20:13.542 [] headers - << X-GitHub-Request-Id: A4E9:14D604:105BC7B:F296BA:68B30899
[DEBUG] 2025-08-30 17:20:13.566 [] RestAssuredHttpBuilder - Parsing response as: application/json; charset=utf-8
[DEBUG] 2025-08-30 17:20:13.567 [] wire -  << "[0x1f][0x8b][0x8][0x0][0x0][0x0][0x0][0x0][0x0][0x3][0xad][0x95][\r]O[0xdb]0[0x10][0x86][0xff]J[0x14][0x84]&U%[0x9]i[0xda][0x95]H[0x88][0x1]-[0x1f]BP1:M[0x1a][0xa0][0xc8]I[0xdc][0xc4][0x9b]c[[0xb6][0xd3][0xae]T[0xfc][0xf7][0x9d][0xd3]P[0x95]h"
[DEBUG] 2025-08-30 17:20:13.568 [] wire -  << "+hEH[0x15]u[0xed][0xe7][0xce][0xef][0x9d][0xdf][[0xd8][0xa5][0xa4]vh[0xe7]Z[0xb][0x15][0xba].[0x12][0xc4][0xc9][0x88][0xce][0xcb][0xd8]Ix[0xe1]J,[0xb8]r[0xef]r4[0xd1][0x17][0xb7][0xee][0xdd][0xc5][0xf1][0xd9]8[0x1a][0xde][0x9c]_[0xde][0xc][0xe1]'[0x8a][0x91][0xc2][0xca][0xf5][0x3][0xdf][0xf3][0xbc]n[0xaf]g[0xb7]m[0xa4][0x14][0xd6]*[0xfa]8[0xa6][0xbb]$[0x2][0xba][0x14][0x94][0xa3][0xb4][0x81]^.[0xaa][0xff]N[0xb9][0xc6]/[0x8e][0x18]*p[0x9b][0xa2][0x18][0xd3]g[0x88][0x95][0xeb][0x82]6"[0xad][0x89][0xb2]Y[0xe][0x8d]2[0xf7][0xc0][0xe9]8[0xbe][0xe7]w[0xbd][0xbe][0xdf][0x1][0x1c]I[0xed]p[0xa5][0x12][0x88]T[0xea][0x9c]K;\[0xd8][0x94]g[0x84][0x81][0xfa]K[0xf8][0x1e]J4[0xe1]L[0xdd][0xc7]\?[0xd6][0xc7][0x82][0xfd][0xfe]A[0xdf][0xef][0xfb]m[0x9b][0xf1][0x14]G[0x86]d_[0xf][0xae]{[0xb7][0xc5][0x81]w3[0x18][0x6][0xa3]q6[0x1f][\r].[0xf][0x8d][0xf6]S[0xa4][0x91]lj_-[0xbe][0x8]T*,[0x13][0xce]4f[0xba]*/a[0xee]~[0xb7][0xd3][0xeb][0x1f]M[0xf][0x3] d[0xb2]fTa[0x8c][0xe6][0x9b]z[0xc3][0xc0][0x94][0xfb]:[0xf5][0xdd][0xee][0x9]$[0xbf][0xdb][0x1d][0xbc])"[0x12][0xa2]y[0x18][0xce]L8[0xa5]|[0x6][0xdc][0xe6]5^[0xb7][0xe5][0xc6][0xd0][0xee][\n]"
[DEBUG] 2025-08-30 17:20:13.569 [] wire -  << "[0xb2][0x2][0x12][0x96]m[0xf][0x4][0xc8][0xc2][0xe5]:[0xc7][0xa0]1\[0xdd][0xf4]IF[0xd4][[0xdd][0xbe]9[0xd5][\n]"
[DEBUG] 2025-08-30 17:20:13.569 [] wire -  << "[0xb0][0x0][0x11][0x95][0x86][0xda][0x1a][0xa4][0x82]rI[0xdc][0xec][0xf3][0xc6][0xb3][0xdc][0xc][0xad][0x11][0x90][0xec][0x8c]A[0x9e][0x8b][0xea][0x15]W[0xec]2V[0x89]$[0xa2][0xea][0xb2]m[0x4]y[0x5][0x2]0[0x97][0x19]b[0xe4][0x9]m[\r][0x6][0x90][0x2]^e;[0xdb]$X[0x1][0x0][0x84][0xa7][0xd0][0xea][[0x91][0x96][0x84][0x85]+$[0x99][0xa2]dnd[0x94]8[0xc1]d[\n]"
[DEBUG] 2025-08-30 17:20:13.569 [] wire -  << "5[0xda][0x9e][0xde]@[0x1]\[0xcf][0x5][0x86][0xc7]w[0xc2]5|1u[0x8e][0xa6][0x4][0xcf][0xa2]zY[0x94]1%[0x89])%[0xd1]8Bia[0xec]c[0x82][0xa8][0xc2][0xcf][0xeb][0xe][0xf1]u[0x18][0xfd][0x9a][\r]F[0xa7][0xe7]x[0xdc]S[0xc1]([0xbe][0xba][0xf2][\r][0x1a]e[0x91][0xf1]9[0xc0]7[0xc][\n]"
[DEBUG] 2025-08-30 17:20:13.569 [] wire -  << "z.[0xc3]:[0x2]K([0x88]&*[0x87][0x1d][0x5][0x2]40[0xff][0xba]?[0x95]0[0x10][0xea][0xc0]`oEQj[0x14]S[0x0]W[0xa9][0xb4]m!q=[0x1e]VK[0x89][0xc4]H[0x83]f[0x8][0xce][0xd9][0xc6][0x1b][0xf7][0xbc][0xfe][0x9e][0xdf][0x19]{A[0x18]tB[0xdf][0xff]a[0xae]+[0xd2][\r]{[0x82][0xc0][0xec][0xa9][0x14]P[0xf9]?I[0xcb]][0xf5][0xd4][0x8][0xef][0x1f][0xcd][0xb5]e[0x8c]h[0xd3][0xcf][0xdf]?[0xe8][0xea][0xf3]MS"b+l}[0xbe][0x89][0x8d]y:[0x7][0x85]vv[0xac][0xef]9[0xd2][0x9f][0x94]u[0x9a]#[0x96][0xe1][0xf4][0x81][0xb5],U[\n]"
[DEBUG] 2025-08-30 17:20:13.569 [] wire -  << "[0xc1][0xa5][0xb6]&\Z([0x83][0xce]&[0xc9]1[0xb1][\n]"
[DEBUG] 2025-08-30 17:20:13.570 [] wire -  << "[0x18][0xc]V<[0xb7][0xbe]\[0xf3][0x1c][0xc5][0xf0]A[0xb0]E[0x98][0xf5]2[0xd1][0xdf][0x1a]\[0xa2][0xa4][0xd4][0xf5][0xbd][0xcf][0x81][0x89][0xf0][0xad][0xaa][0x80]u[0xbc][0x1c]D[0xce]O[0x98][0x7][0xd6][0x84][0xfc][0x6][0xeb][0xb3][0xc0]9[0xc0][0x9c][0xcd]&|[0xc1]cB[0xb1]UO[0xac][0xf][0x8][0xdf]5[0xe1][0xd7][0xdb][0xf2][0x3][0x98][0xbd][0x7]f[0xfe]Z[0xad]3[0xb8]c-$[0x8c][0xdc]V+|[0xb7]:[0xf0]$[0x4][0x92]x[0xbd]J[0xbe][0xe3]8[0x8d][0xf7]S[0x98]Z[0x18]OMx[0xc9][0xa0][0xc1][0xf7][0x9f][0xff][0x0][0xcb][0xd9]4[0x12]X[0x9][0x0][0x0]"
[DEBUG] 2025-08-30 17:20:13.570 [] RestAssuredHttpBuilder - Parsed data to instance of: class org.apache.http.conn.EofSensorInputStream
[DEBUG] 2025-08-30 17:20:13.994 [] BasicClientConnectionManager - Releasing connection org.apache.http.impl.conn.ManagedClientConnectionImpl@610169f6
[DEBUG] 2025-08-30 17:20:13.995 [] BasicClientConnectionManager - Connection can be kept alive indefinitely
[INFO ] 2025-08-30 17:20:15.965 [] ReportManager - Loaded OpenCV "opencv_java490".
[WARN ] 2025-08-30 17:20:16.199 [main] ReportManager - Aug 30, 2025 5:20:16 PM org.openqa.selenium.devtools.CdpVersionFinder findNearestMatch
[WARN ] 2025-08-30 17:20:16.199 [main] ReportManager - WARNING: Unable to find CDP implementation matching 139
[WARN ] 2025-08-30 17:20:16.201 [main] ReportManager - Aug 30, 2025 5:20:16 PM org.openqa.selenium.chromium.ChromiumDriver lambda$new$5
[WARN ] 2025-08-30 17:20:16.202 [main] ReportManager - WARNING: Unable to find version of CDP to use for 139.0.7258.128. You may need to include a dependency on a specific version of the CDP using something similar to `org.seleniumhq.selenium:selenium-devtools-v86:4.25.0` where the version ("v86") matches the version of the chromium-based browser you're using and the version number of the artifact is the same as Selenium's.
[INFO ] 2025-08-30 17:20:16.209 [main] ReportManager - Successfully Opened: "Windows | Chrome".
[ERROR] 2025-08-30 17:20:16.216 [main] AllureLifecycle - Could not start step: no test case running
[ERROR] 2025-08-30 17:20:16.222 [main] AllureLifecycle - Could not stop step: step with uuid ab97964e-6db2-4586-9c29-e694a48186b3 not found
[DEBUG] 2025-08-30 17:20:17.263 [Finalizer] DefaultClientConnection - Connection 0.0.0.0:49933<->140.82.121.5:443 closed
[WARN ] 2025-08-30 17:20:17.411 [] ReportManager - 
[1;33m------------------------------------------------------------------------------------------------------------------------------------------------
                                          âš ï¸ You're using an outdated engine version "8.4.20241024" âš ï¸                                          
                                 Kindly upgrade to the latest one "9.3.20250823" to ensure the best experience.                                 
                           For more information click here: https://github.com/ShaftHQ/SHAFT_ENGINE/releases/latest .                           
------------------------------------------------------------------------------------------------------------------------------------------------
[0m
[INFO ] 2025-08-30 17:20:17.450 [main] ReportManager - Target URL: "https://lawyer.legiodomain.top/login"
[INFO ] 2025-08-30 17:20:17.482 [main] ReportManager - Initial URL: "about:blank"
[INFO ] 2025-08-30 17:20:18.596 [main] ReportManager - Navigate to url "https://lawyer.legiodomain.top/login".
[ERROR] 2025-08-30 17:20:18.597 [main] AllureLifecycle - Could not start step: no test case running
[ERROR] 2025-08-30 17:20:18.597 [main] AllureLifecycle - Could not stop step: step with uuid 2840fa31-ace2-4675-b4cf-d41676f627d7 not found
[INFO ] 2025-08-30 17:20:18.610 [main] ReportManager - Loaded Test Data: "src/test/resources/testDataFiles/simpleJSON.json".
[ERROR] 2025-08-30 17:20:18.611 [main] AllureLifecycle - Could not add attachment: no test is running
[INFO ] 2025-08-30 17:20:18.614 [main] ReportManager - Successfully created attachment 'Test Data - JSON'
[ERROR] 2025-08-30 17:20:19.416 [main] AllureLifecycle - Could not update step: no step running
[INFO ] 2025-08-30 17:20:19.418 [main] ReportManager - Type "* Ø§Ù„Ø¨Ø±ÙŠØ¯ Ø§Ù„Ø¥Ù„ÙƒØªØ±ÙˆÙ†ÙŠ"
[ERROR] 2025-08-30 17:20:19.677 [main] AllureLifecycle - Could not update step: no step running
[INFO ] 2025-08-30 17:20:19.678 [main] ReportManager - Type "* ÙƒÙ„Ù…Ø© Ø§Ù„Ù…Ø±ÙˆØ±"
[ERROR] 2025-08-30 17:20:19.831 [main] AllureLifecycle - Could not update step: no step running
[INFO ] 2025-08-30 17:20:19.832 [main] ReportManager - Click "Ø¯Ø®ÙˆÙ„"
[ERROR] 2025-08-30 17:20:22.718 [main] AllureLifecycle - Could not update step: no step running
[INFO ] 2025-08-30 17:20:22.718 [main] ReportManager - Click "Ø§Ù„Ø¯Ø¹Ù… Ø§Ù„ÙÙ†ÙŠ"
[ERROR] 2025-08-30 17:20:23.983 [main] AllureLifecycle - Could not update step: no step running
[INFO ] 2025-08-30 17:20:23.983 [main] ReportManager - Click "By.xpath: //span[contains(text(),'Ø¥Ù†Ø´Ø§Ø¡ Ù…Ø­Ø§Ø¯Ø«Ø© Ø¬Ø¯ÙŠØ¯Ø©')]"
[ERROR] 2025-08-30 17:20:24.453 [main] AllureLifecycle - Could not update step: no step running
[INFO ] 2025-08-30 17:20:24.454 [main] ReportManager - Type "* Ø§Ù„Ù…Ø­ØªÙˆÙ‰"
[ERROR] 2025-08-30 17:20:24.750 [main] AllureLifecycle - Could not update step: no step running
[INFO ] 2025-08-30 17:20:24.750 [main] ReportManager - Type "* Ø§Ù„ÙˆØµÙ"
[ERROR] 2025-08-30 17:20:24.851 [main] AllureLifecycle - Could not update step: no step running
[INFO ] 2025-08-30 17:20:24.851 [main] ReportManager - Click "Ø¥Ù†Ø´Ø§Ø¡"
[ERROR] 2025-08-30 17:20:26.431 [main] AllureLifecycle - Could not update step: no step running
[INFO ] 2025-08-30 17:20:26.431 [main] ReportManager - Type "Ø§ÙƒØªØ¨ Ø±Ø³Ø§Ù„ØªÙƒ..."
[ERROR] 2025-08-30 17:20:26.494 [main] AllureLifecycle - Could not update step: no step running
[INFO ] 2025-08-30 17:20:26.495 [main] ReportManager - Click "send"
[ERROR] 2025-08-30 17:20:26.579 [main] AllureLifecycle - Could not update step: no step running
[INFO ] 2025-08-30 17:20:26.581 [main] ReportManager - Click "By.xpath: //span[contains(text(),'Ø§Ù„Ø¹ÙˆØ¯Ø© Ø¥Ù„Ù‰ Ø§Ù„Ù…Ø­Ø§Ø¯Ø«Ø§Øª')]"
[ERROR] 2025-08-30 17:20:26.695 [main] AllureLifecycle - Could not update step: no step running
[INFO ] 2025-08-30 17:20:26.696 [main] ReportManager - Click "By.xpath: (//span[contains(text(),'Ø¹Ø±Ø¶ Ø§Ù„Ù…Ø­Ø§Ø¯Ø«Ø©')])[1]"
[INFO ] 2025-08-30 17:20:27.191 [main] ReportManager - Successfully Closed Driver.
[ERROR] 2025-08-30 17:20:27.192 [main] AllureLifecycle - Could not start step: no test case running
[ERROR] 2025-08-30 17:20:27.192 [main] AllureLifecycle - Could not stop step: step with uuid 083c6b28-f5f4-41f5-8c4b-07272ed96a33 not found
